Unable to capture context for thread 16860 in process 6712, can not generate back trace
Unable to capture context for thread 3012 in process 6712, can not generate back trace
Unable to capture context for thread 13196 in process 6712, can not generate back trace
Exception at PC 0x00007FFDE387BB93
Printing stacktrace...

[0]  [0x00007FFDE387BB93]
[1]  [0x00007FFDE387BB93]
[2]  [0x00007FFDE387B4A1]
[3]  [0x00007FFDE387B3EF]
[4]  [0x00007FFDE38619FE]
[5]  [0x00007FFDE3860ED1]
[6]  [0x00007FFDE3860D76]
[7]  [0x00007FFDE38079F6]
[8]  [0x00007FFDE37F7AFB]
[9]  [0x00007FFDE391E90A]
[10]  [0x00007FFDE3939F87]
[11]  [0x00007FFDE393A05F]
[12] (BaseThreadInitThunk+0x14) [0x00007FFE6C092774]
[13] (RtlUserThreadStart+0x21) [0x00007FFE6E430D51]
Done
Exception at PC 0x00007FFDE3581A52
Attemped to write at address 0x00007FFE3EE7ABA4
Printing stacktrace...

[0]  [0x00007FFDE3581A52]
[1]  [0x00007FFDE3581A52]
[2]  [0x00007FFDE3581AD4]
[3]  [0x00007FFDE36C3FF7]
[4]  [0x00007FFDE35A9128]
[5]  [0x00007FFDE385DFB9]
[6]  [0x00007FFDE3A2EF23]
[7]  [0x00007FFDE393B06B]
[8]  [0x00007FFDE39308AF]
[9]  [0x00007FFDE3930A32]
[10] (RtlDeactivateActivationContextUnsafeFast+0x1af) [0x00007FFE6E3E485F]
[11] (LdrShutdownProcess+0x12c) [0x00007FFE6E40D43C]
[12] (RtlExitUserProcess+0xb4) [0x00007FFE6E40D2F4]
[13] (FatalExit+0xa) [0x00007FFE6C09C0DA]
[14] (exit+0x75) [0x00007FFE6DF3A045]
[15] (initterm_e+0x21d) [0x00007FFE6DF3A68D]
[16]  [0x00000000004014CD]
[17]  [0x000000000040151B]
[18] (BaseThreadInitThunk+0x14) [0x00007FFE6C092774]
[19] (RtlUserThreadStart+0x21) [0x00007FFE6E430D51]
Done
